<?xml version="1.0" encoding="UTF-8"?>
<!-- Generated by org.testng.reporters.JUnitReportReporter -->
<testsuite skipped="0" hostname="DESKTOP-DPUNFF6" name="orangehrm.TC002" tests="1" failures="0" timestamp="2022-07-21T15:58:40 IST" time="28.391" errors="0">
  <testcase name="loginfailureHRM" time="28.391" classname="orangehrm.TC002"/>
  <system-out/>
</testsuite> <!-- orangehrm.TC002 -->
