<?xml version="1.0" encoding="UTF-8"?>
<!-- Generated by org.testng.reporters.JUnitReportReporter -->
<testsuite skipped="0" hostname="DESKTOP-DPUNFF6" name="google.TC001" tests="1" failures="0" timestamp="2022-07-20T14:19:11 IST" time="60.621" errors="0">
  <testcase name="google" time="60.621" classname="google.TC001"/>
  <system-out/>
</testsuite> <!-- google.TC001 -->
