<?xml version="1.0" encoding="UTF-8"?>
<!-- Generated by org.testng.reporters.JUnitReportReporter -->
<testsuite hostname="DESKTOP-DPUNFF6" failures="0" tests="1" name="com.sample.testcases.TC001" time="36.437" errors="0" timestamp="2022-07-19T11:35:47 IST" skipped="0">
  <testcase classname="com.sample.testcases.TC001" name="createLeaf" time="36.437"/>
  <system-out/>
</testsuite> <!-- com.sample.testcases.TC001 -->
